<?xml version="1.0" encoding="UTF-8"?>
<!-- Generated by org.testng.reporters.JUnitXMLReporter -->
<testsuite ignored="1" hostname="zenbook" failures="0" tests="1" name="Error Validations Test" time="7.848" errors="0" timestamp="2025-02-20T17:01:57 IST">
  <testcase classname="monikagulani.tests.ErrorValidationTest" name="LoginErrorValidation" time="0.941"/>
  <testcase classname="monikagulani.tests.ErrorValidationTest" name="ProductErrorValidation" time="0.0">
    <ignored/>
  </testcase> <!-- ProductErrorValidation -->
</testsuite> <!-- Error Validations Test -->
