<?xml version="1.0" encoding="UTF-8"?>
<!-- Generated by org.testng.reporters.JUnitXMLReporter -->
<testsuite ignored="2" hostname="zenbook" failures="0" tests="0" time="0.008" errors="0" timestamp="2025-02-20T17:01:49 IST">
  <testcase classname="monikagulani.tests.IndependentTest" name="submitOrder" time="0.0">
    <ignored/>
  </testcase> <!-- submitOrder -->
  <testcase classname="monikagulani.tests.IndependentTest" name="orderHistoryTest" time="0.0">
    <ignored/>
  </testcase> <!-- orderHistoryTest -->
</testsuite>
